{
  "RSpec": {
    "coverage": {
      "/home/hkleindl-67491/code/labs/tic-tac-toe-rb-v-000/lib/tic_tac_toe.rb": [
        1,
        null,
        null,
        null,
        null,
        null,
        null,
        null,
        null,
        null,
        null,
        null,
        1,
        21,
        21,
        21,
        21,
        21,
        null,
        null,
        null,
        1,
        23,
        null,
        null,
        null,
        1,
        22,
        null,
        null,
        null,
        1,
        27,
        null,
        null,
        null,
        1,
        23,
        null,
        null,
        null,
        1,
        20,
        20,
        20,
        20,
        19,
        19,
        null,
        1,
        null,
        null,
        null,
        null,
        1,
        210,
        null,
        null,
        1,
        20,
        14,
        null,
        6,
        null,
        null,
        null,
        null,
        1,
        82,
        560,
        560,
        560,
        null,
        560,
        560,
        560,
        null,
        560,
        21,
        null,
        6,
        null,
        null,
        55,
        null,
        null,
        null,
        1,
        36,
        162,
        27,
        null,
        null,
        9,
        null,
        null,
        null,
        1,
        23,
        7,
        16,
        15,
        1,
        1,
        null,
        null,
        null,
        null,
        1,
        21,
        null,
        null,
        null,
        1,
        7,
        6,
        null,
        null,
        null,
        null,
        1,
        12,
        17,
        null,
        12,
        5,
        7,
        3,
        null,
        null
      ]
    },
    "timestamp": 1503263407
  }
}
