{
  "RSpec": {
    "coverage": {
      "/home/laurenfeld-64734/code/labs/tic-tac-toe-rb-v-000/lib/tic_tac_toe.rb": [
        1,
        null,
        null,
        null,
        null,
        null,
        null,
        null,
        null,
        null,
        null,
        null,
        1,
        21,
        21,
        21,
        21,
        21,
        null,
        null,
        null,
        1,
        23,
        null,
        null,
        null,
        1,
        22,
        null,
        null,
        null,
        null,
        1,
        28,
        25,
        3,
        3,
        null,
        null,
        null,
        null,
        1,
        24,
        20,
        null,
        null,
        null,
        null,
        1,
        20,
        20,
        20,
        20,
        19,
        19,
        1,
        1,
        null,
        null,
        null,
        null,
        1,
        21,
        21,
        189,
        31,
        null,
        null,
        21,
        null,
        null,
        null,
        1,
        20,
        14,
        null,
        6,
        null,
        null,
        null,
        null,
        1,
        60,
        403,
        403,
        403,
        null,
        403,
        403,
        403,
        null,
        null,
        403,
        16,
        null,
        6,
        null,
        381,
        null,
        null,
        38,
        null,
        null,
        null,
        1,
        22,
        116,
        null,
        null,
        null,
        null,
        1,
        30,
        7,
        null,
        null,
        null,
        null,
        1,
        21,
        10,
        null,
        null,
        null,
        null,
        1,
        3,
        null,
        2,
        1,
        1,
        1,
        null,
        null,
        null,
        null,
        1,
        12,
        17,
        null,
        null,
        12,
        5,
        null,
        null,
        8,
        3,
        null,
        null
      ]
    },
    "timestamp": 1497750406
  }
}
